[Mon Nov 10 19:26:55 2025] [::1]:60448 Accepted
[Mon Nov 10 19:26:55 2025] [::1]:60448 Closed without sending a request; it was probably just an unused speculative preconnection
[Mon Nov 10 19:26:55 2025] [::1]:60448 Closing
[Mon Nov 10 19:26:55 2025] Failed to listen on localhost:8000 (reason: Address already in use)
[Mon Nov 10 19:26:56 2025] [::1]:60449 Accepted
[Mon Nov 10 19:26:56 2025] [::1]:60449 Closed without sending a request; it was probably just an unused speculative preconnection
[Mon Nov 10 19:26:56 2025] [::1]:60449 Closing
[Mon Nov 10 19:26:56 2025] [::1]:60468 Accepted
[Mon Nov 10 19:26:56 2025] [::1]:60468 Closed without sending a request; it was probably just an unused speculative preconnection
[Mon Nov 10 19:26:56 2025] [::1]:60468 Closing
[Mon Nov 10 19:26:57 2025] [::1]:60471 Accepted
[Mon Nov 10 19:26:57 2025] [::1]:60471 Closed without sending a request; it was probably just an unused speculative preconnection
[Mon Nov 10 19:26:57 2025] [::1]:60471 Closing
[Mon Nov 10 19:26:59 2025] [::1]:60472 Accepted
[Mon Nov 10 19:26:59 2025] [::1]:60472 Closed without sending a request; it was probably just an unused speculative preconnection
[Mon Nov 10 19:26:59 2025] [::1]:60472 Closing
[Mon Nov 10 19:27:00 2025] [::1]:60473 Accepted
[Mon Nov 10 19:27:00 2025] [::1]:60473 Closed without sending a request; it was probably just an unused speculative preconnection
[Mon Nov 10 19:27:00 2025] [::1]:60473 Closing
[Mon Nov 10 19:27:04 2025] PHP 8.3.1 Development Server (http://localhost:8000) started
[Mon Nov 10 19:27:05 2025] [::1]:60499 Accepted
[Mon Nov 10 19:27:05 2025] [::1]:60499 Closed without sending a request; it was probably just an unused speculative preconnection
[Mon Nov 10 19:27:05 2025] [::1]:60499 Closing
[Mon Nov 10 19:27:06 2025] [::1]:60500 Accepted
[Mon Nov 10 19:27:06 2025] [::1]:60500 Closed without sending a request; it was probably just an unused speculative preconnection
[Mon Nov 10 19:27:06 2025] [::1]:60500 Closing
[Mon Nov 10 19:27:07 2025] [::1]:60503 Accepted
[Mon Nov 10 19:27:07 2025] [::1]:60503 Closed without sending a request; it was probably just an unused speculative preconnection
[Mon Nov 10 19:27:07 2025] [::1]:60503 Closing
[Mon Nov 10 19:27:08 2025] [::1]:60505 Accepted
[Mon Nov 10 19:27:08 2025] [::1]:60505 Closed without sending a request; it was probably just an unused speculative preconnection
[Mon Nov 10 19:27:08 2025] [::1]:60505 Closing
[Mon Nov 10 19:27:09 2025] [::1]:60525 Accepted
[Mon Nov 10 19:27:09 2025] [::1]:60525 Closed without sending a request; it was probably just an unused speculative preconnection
[Mon Nov 10 19:27:09 2025] [::1]:60525 Closing
[Mon Nov 10 19:27:10 2025] [::1]:60528 Accepted
[Mon Nov 10 19:27:10 2025] [::1]:60528 Closed without sending a request; it was probably just an unused speculative preconnection
[Mon Nov 10 19:27:10 2025] [::1]:60528 Closing
[Mon Nov 10 19:27:11 2025] [::1]:60529 Accepted
[Mon Nov 10 19:27:11 2025] [::1]:60529 Closed without sending a request; it was probably just an unused speculative preconnection
[Mon Nov 10 19:27:11 2025] [::1]:60529 Closing
[Mon Nov 10 19:27:13 2025] [::1]:60546 Accepted
[Mon Nov 10 19:27:13 2025] [::1]:60546 Closed without sending a request; it was probably just an unused speculative preconnection
[Mon Nov 10 19:27:13 2025] [::1]:60546 Closing
[Mon Nov 10 19:27:14 2025] [::1]:60547 Accepted
[Mon Nov 10 19:27:14 2025] [::1]:60547 Closed without sending a request; it was probably just an unused speculative preconnection
[Mon Nov 10 19:27:14 2025] [::1]:60547 Closing
[Mon Nov 10 19:27:15 2025] [::1]:60548 Accepted
[Mon Nov 10 19:27:15 2025] [::1]:60548 Closed without sending a request; it was probably just an unused speculative preconnection
[Mon Nov 10 19:27:15 2025] [::1]:60548 Closing
[Mon Nov 10 19:27:16 2025] [::1]:60551 Accepted
[Mon Nov 10 19:27:16 2025] [::1]:60551 Closed without sending a request; it was probably just an unused speculative preconnection
[Mon Nov 10 19:27:16 2025] [::1]:60551 Closing
[Mon Nov 10 19:27:17 2025] [::1]:60552 Accepted
[Mon Nov 10 19:27:17 2025] [::1]:60552 Closed without sending a request; it was probably just an unused speculative preconnection
[Mon Nov 10 19:27:17 2025] [::1]:60552 Closing
[Mon Nov 10 19:27:18 2025] [::1]:60554 Accepted
[Mon Nov 10 19:27:18 2025] [::1]:60554 Closed without sending a request; it was probably just an unused speculative preconnection
[Mon Nov 10 19:27:18 2025] [::1]:60554 Closing
[Mon Nov 10 19:27:19 2025] [::1]:60555 Accepted
[Mon Nov 10 19:27:19 2025] [::1]:60555 Closed without sending a request; it was probably just an unused speculative preconnection
[Mon Nov 10 19:27:19 2025] [::1]:60555 Closing
[Mon Nov 10 19:27:20 2025] [::1]:60556 Accepted
[Mon Nov 10 19:27:20 2025] [::1]:60556 Closed without sending a request; it was probably just an unused speculative preconnection
[Mon Nov 10 19:27:20 2025] [::1]:60556 Closing
[Mon Nov 10 19:27:22 2025] [::1]:60557 Accepted
[Mon Nov 10 19:27:22 2025] [::1]:60557 Closed without sending a request; it was probably just an unused speculative preconnection
[Mon Nov 10 19:27:22 2025] [::1]:60557 Closing
[Mon Nov 10 19:27:23 2025] [::1]:60558 Accepted
[Mon Nov 10 19:27:23 2025] [::1]:60558 Closed without sending a request; it was probably just an unused speculative preconnection
[Mon Nov 10 19:27:23 2025] [::1]:60558 Closing
[Mon Nov 10 19:27:24 2025] [::1]:60559 Accepted
[Mon Nov 10 19:27:24 2025] [::1]:60559 Closed without sending a request; it was probably just an unused speculative preconnection
[Mon Nov 10 19:27:24 2025] [::1]:60559 Closing
[Mon Nov 10 19:27:25 2025] [::1]:60560 Accepted
[Mon Nov 10 19:27:25 2025] [::1]:60560 Closed without sending a request; it was probably just an unused speculative preconnection
[Mon Nov 10 19:27:25 2025] [::1]:60560 Closing
[Mon Nov 10 19:27:26 2025] [::1]:60561 Accepted
[Mon Nov 10 19:27:26 2025] [::1]:60561 Closed without sending a request; it was probably just an unused speculative preconnection
[Mon Nov 10 19:27:26 2025] [::1]:60561 Closing
[Mon Nov 10 19:27:27 2025] [::1]:60562 Accepted
[Mon Nov 10 19:27:27 2025] [::1]:60562 Closed without sending a request; it was probably just an unused speculative preconnection
[Mon Nov 10 19:27:27 2025] [::1]:60562 Closing
[Mon Nov 10 19:27:28 2025] [::1]:60563 Accepted
[Mon Nov 10 19:27:28 2025] [::1]:60563 Closed without sending a request; it was probably just an unused speculative preconnection
[Mon Nov 10 19:27:28 2025] [::1]:60563 Closing
[Mon Nov 10 19:27:30 2025] [::1]:60564 Accepted
[Mon Nov 10 19:27:30 2025] [::1]:60564 Closed without sending a request; it was probably just an unused speculative preconnection
[Mon Nov 10 19:27:30 2025] [::1]:60564 Closing
[Mon Nov 10 19:27:31 2025] [::1]:60565 Accepted
[Mon Nov 10 19:27:31 2025] [::1]:60565 Closed without sending a request; it was probably just an unused speculative preconnection
[Mon Nov 10 19:27:31 2025] [::1]:60565 Closing
[Mon Nov 10 19:27:32 2025] [::1]:60566 Accepted
[Mon Nov 10 19:27:32 2025] [::1]:60566 Closed without sending a request; it was probably just an unused speculative preconnection
[Mon Nov 10 19:27:32 2025] [::1]:60566 Closing
[Mon Nov 10 19:27:32 2025] [::1]:60568 Accepted
[Mon Nov 10 19:27:32 2025] [::1]:60568 Closing
[Mon Nov 10 19:27:32 2025] [::1]:60573 Accepted
[Mon Nov 10 19:27:32 2025] [::1]:60573 Closing
[Mon Nov 10 19:27:32 2025] [::1]:60574 Accepted
[Mon Nov 10 19:27:32 2025] [::1]:60574 Closing
[Mon Nov 10 19:27:32 2025] [::1]:60577 Accepted
[Mon Nov 10 19:27:32 2025] [::1]:60577 Closing
[Mon Nov 10 19:27:32 2025] [::1]:60581 Accepted
[Mon Nov 10 19:27:32 2025] [::1]:60581 Closing
[Mon Nov 10 19:27:32 2025] [::1]:60582 Accepted
[Mon Nov 10 19:27:32 2025] [::1]:60582 Closing
[Mon Nov 10 19:27:32 2025] [::1]:60583 Accepted
[Mon Nov 10 19:27:32 2025] [::1]:60583 Closing
[Mon Nov 10 19:27:33 2025] [::1]:60584 Accepted
[Mon Nov 10 19:27:33 2025] [::1]:60584 Closed without sending a request; it was probably just an unused speculative preconnection
[Mon Nov 10 19:27:33 2025] [::1]:60584 Closing
[Mon Nov 10 19:27:34 2025] [::1]:60586 Accepted
[Mon Nov 10 19:27:34 2025] [::1]:60586 Closed without sending a request; it was probably just an unused speculative preconnection
[Mon Nov 10 19:27:34 2025] [::1]:60586 Closing
[Mon Nov 10 19:27:35 2025] [::1]:60587 Accepted
[Mon Nov 10 19:27:35 2025] [::1]:60587 Closed without sending a request; it was probably just an unused speculative preconnection
[Mon Nov 10 19:27:35 2025] [::1]:60587 Closing
[Mon Nov 10 19:27:36 2025] [::1]:60588 Accepted
[Mon Nov 10 19:27:36 2025] [::1]:60588 Closed without sending a request; it was probably just an unused speculative preconnection
[Mon Nov 10 19:27:36 2025] [::1]:60588 Closing
[Mon Nov 10 19:27:37 2025] [::1]:60589 Accepted
[Mon Nov 10 19:27:37 2025] [::1]:60589 Closed without sending a request; it was probably just an unused speculative preconnection
[Mon Nov 10 19:27:37 2025] [::1]:60589 Closing
[Mon Nov 10 19:27:38 2025] [::1]:60590 Accepted
[Mon Nov 10 19:27:38 2025] [::1]:60590 Closing
[Mon Nov 10 19:27:39 2025] [::1]:60591 Accepted
[Mon Nov 10 19:27:39 2025] [::1]:60591 Closed without sending a request; it was probably just an unused speculative preconnection
[Mon Nov 10 19:27:39 2025] [::1]:60591 Closing
[Mon Nov 10 19:27:40 2025] [::1]:60592 Accepted
[Mon Nov 10 19:27:40 2025] [::1]:60592 Closed without sending a request; it was probably just an unused speculative preconnection
[Mon Nov 10 19:27:40 2025] [::1]:60592 Closing
[Mon Nov 10 19:27:41 2025] [::1]:60593 Accepted
[Mon Nov 10 19:27:41 2025] [::1]:60593 Closed without sending a request; it was probably just an unused speculative preconnection
[Mon Nov 10 19:27:41 2025] [::1]:60593 Closing
[Mon Nov 10 19:27:42 2025] [::1]:60594 Accepted
[Mon Nov 10 19:27:42 2025] [::1]:60594 Closed without sending a request; it was probably just an unused speculative preconnection
[Mon Nov 10 19:27:42 2025] [::1]:60594 Closing
[Mon Nov 10 19:27:43 2025] [::1]:60595 Accepted
[Mon Nov 10 19:27:43 2025] [::1]:60595 Closing
[Mon Nov 10 19:27:43 2025] [::1]:60596 Accepted
[Mon Nov 10 19:27:43 2025] [::1]:60596 Closed without sending a request; it was probably just an unused speculative preconnection
[Mon Nov 10 19:27:43 2025] [::1]:60596 Closing
[Mon Nov 10 19:27:44 2025] [::1]:60597 Accepted
[Mon Nov 10 19:27:44 2025] [::1]:60597 Closed without sending a request; it was probably just an unused speculative preconnection
[Mon Nov 10 19:27:44 2025] [::1]:60597 Closing
[Mon Nov 10 19:27:45 2025] [::1]:60598 Accepted
[Mon Nov 10 19:27:45 2025] [::1]:60598 Closed without sending a request; it was probably just an unused speculative preconnection
[Mon Nov 10 19:27:45 2025] [::1]:60598 Closing
[Mon Nov 10 19:27:47 2025] [::1]:60599 Accepted
[Mon Nov 10 19:27:47 2025] [::1]:60599 Closed without sending a request; it was probably just an unused speculative preconnection
[Mon Nov 10 19:27:47 2025] [::1]:60599 Closing
[Mon Nov 10 19:27:48 2025] [::1]:60600 Accepted
[Mon Nov 10 19:27:48 2025] [::1]:60600 Closed without sending a request; it was probably just an unused speculative preconnection
[Mon Nov 10 19:27:48 2025] [::1]:60600 Closing
[Mon Nov 10 19:27:48 2025] [::1]:60601 Accepted
[Mon Nov 10 19:27:48 2025] [::1]:60601 Closing
[Mon Nov 10 19:27:49 2025] [::1]:60602 Accepted
[Mon Nov 10 19:27:49 2025] [::1]:60602 Closed without sending a request; it was probably just an unused speculative preconnection
[Mon Nov 10 19:27:49 2025] [::1]:60602 Closing
[Mon Nov 10 19:27:50 2025] [::1]:60603 Accepted
[Mon Nov 10 19:27:50 2025] [::1]:60603 Closed without sending a request; it was probably just an unused speculative preconnection
[Mon Nov 10 19:27:50 2025] [::1]:60603 Closing
[Mon Nov 10 19:27:51 2025] [::1]:60604 Accepted
[Mon Nov 10 19:27:51 2025] [::1]:60604 Closed without sending a request; it was probably just an unused speculative preconnection
[Mon Nov 10 19:27:51 2025] [::1]:60604 Closing
[Mon Nov 10 19:27:52 2025] [::1]:60605 Accepted
[Mon Nov 10 19:27:52 2025] [::1]:60605 Closed without sending a request; it was probably just an unused speculative preconnection
[Mon Nov 10 19:27:52 2025] [::1]:60605 Closing
[Mon Nov 10 19:27:53 2025] [::1]:60606 Accepted
[Mon Nov 10 19:27:53 2025] [::1]:60606 Closing
[Mon Nov 10 19:27:53 2025] [::1]:60607 Accepted
[Mon Nov 10 19:27:53 2025] [::1]:60607 Closed without sending a request; it was probably just an unused speculative preconnection
[Mon Nov 10 19:27:53 2025] [::1]:60607 Closing
[Mon Nov 10 19:27:55 2025] [::1]:60608 Accepted
[Mon Nov 10 19:27:55 2025] [::1]:60608 Closed without sending a request; it was probably just an unused speculative preconnection
[Mon Nov 10 19:27:55 2025] [::1]:60608 Closing
[Mon Nov 10 19:27:56 2025] [::1]:60609 Accepted
[Mon Nov 10 19:27:56 2025] [::1]:60609 Closed without sending a request; it was probably just an unused speculative preconnection
[Mon Nov 10 19:27:56 2025] [::1]:60609 Closing
[Mon Nov 10 19:27:57 2025] [::1]:60610 Accepted
[Mon Nov 10 19:27:57 2025] [::1]:60610 Closed without sending a request; it was probably just an unused speculative preconnection
[Mon Nov 10 19:27:57 2025] [::1]:60610 Closing
[Mon Nov 10 19:27:58 2025] [::1]:60611 Accepted
[Mon Nov 10 19:27:58 2025] [::1]:60611 Closed without sending a request; it was probably just an unused speculative preconnection
[Mon Nov 10 19:27:58 2025] [::1]:60611 Closing
[Mon Nov 10 19:27:58 2025] [::1]:60612 Accepted
[Mon Nov 10 19:27:58 2025] [::1]:60612 Closing
[Mon Nov 10 19:27:59 2025] [::1]:60613 Accepted
[Mon Nov 10 19:27:59 2025] [::1]:60613 Closed without sending a request; it was probably just an unused speculative preconnection
[Mon Nov 10 19:27:59 2025] [::1]:60613 Closing
[Mon Nov 10 19:28:00 2025] [::1]:60614 Accepted
[Mon Nov 10 19:28:00 2025] [::1]:60614 Closed without sending a request; it was probably just an unused speculative preconnection
[Mon Nov 10 19:28:00 2025] [::1]:60614 Closing
[Mon Nov 10 19:28:01 2025] [::1]:60615 Accepted
[Mon Nov 10 19:28:01 2025] [::1]:60615 Closed without sending a request; it was probably just an unused speculative preconnection
[Mon Nov 10 19:28:01 2025] [::1]:60615 Closing
[Mon Nov 10 19:28:03 2025] [::1]:60616 Accepted
[Mon Nov 10 19:28:03 2025] [::1]:60616 Closed without sending a request; it was probably just an unused speculative preconnection
[Mon Nov 10 19:28:03 2025] [::1]:60616 Closing
[Mon Nov 10 19:28:03 2025] [::1]:60617 Accepted
[Mon Nov 10 19:28:03 2025] [::1]:60617 Closing
[Mon Nov 10 19:28:04 2025] [::1]:60618 Accepted
[Mon Nov 10 19:28:04 2025] [::1]:60618 Closed without sending a request; it was probably just an unused speculative preconnection
[Mon Nov 10 19:28:04 2025] [::1]:60618 Closing
[Mon Nov 10 19:28:05 2025] [::1]:60619 Accepted
[Mon Nov 10 19:28:05 2025] [::1]:60619 Closed without sending a request; it was probably just an unused speculative preconnection
[Mon Nov 10 19:28:05 2025] [::1]:60619 Closing
[Mon Nov 10 19:28:06 2025] [::1]:60620 Accepted
[Mon Nov 10 19:28:06 2025] [::1]:60620 Closed without sending a request; it was probably just an unused speculative preconnection
[Mon Nov 10 19:28:06 2025] [::1]:60620 Closing
[Mon Nov 10 19:28:07 2025] [::1]:60621 Accepted
[Mon Nov 10 19:28:07 2025] [::1]:60621 Closed without sending a request; it was probably just an unused speculative preconnection
[Mon Nov 10 19:28:07 2025] [::1]:60621 Closing
[Mon Nov 10 19:28:08 2025] [::1]:60622 Accepted
[Mon Nov 10 19:28:08 2025] [::1]:60622 Closed without sending a request; it was probably just an unused speculative preconnection
[Mon Nov 10 19:28:08 2025] [::1]:60622 Closing
[Mon Nov 10 19:28:09 2025] [::1]:60623 Accepted
[Mon Nov 10 19:28:09 2025] [::1]:60623 Closing
[Mon Nov 10 19:28:09 2025] [::1]:60624 Accepted
[Mon Nov 10 19:28:09 2025] [::1]:60624 Closed without sending a request; it was probably just an unused speculative preconnection
[Mon Nov 10 19:28:09 2025] [::1]:60624 Closing
[Mon Nov 10 19:28:10 2025] [::1]:60625 Accepted
[Mon Nov 10 19:28:10 2025] [::1]:60625 Closed without sending a request; it was probably just an unused speculative preconnection
[Mon Nov 10 19:28:10 2025] [::1]:60625 Closing
[Mon Nov 10 19:28:12 2025] [::1]:60626 Accepted
[Mon Nov 10 19:28:12 2025] [::1]:60626 Closed without sending a request; it was probably just an unused speculative preconnection
[Mon Nov 10 19:28:12 2025] [::1]:60626 Closing
[Mon Nov 10 19:28:13 2025] [::1]:60627 Accepted
[Mon Nov 10 19:28:13 2025] [::1]:60627 Closed without sending a request; it was probably just an unused speculative preconnection
[Mon Nov 10 19:28:13 2025] [::1]:60627 Closing
[Mon Nov 10 19:28:14 2025] [::1]:60628 Accepted
[Mon Nov 10 19:28:14 2025] [::1]:60628 Closing
[Mon Nov 10 19:28:14 2025] [::1]:60629 Accepted
[Mon Nov 10 19:28:14 2025] [::1]:60629 Closed without sending a request; it was probably just an unused speculative preconnection
[Mon Nov 10 19:28:14 2025] [::1]:60629 Closing
[Mon Nov 10 19:28:15 2025] [::1]:60630 Accepted
[Mon Nov 10 19:28:15 2025] [::1]:60630 Closed without sending a request; it was probably just an unused speculative preconnection
[Mon Nov 10 19:28:15 2025] [::1]:60630 Closing
[Mon Nov 10 19:28:16 2025] [::1]:60631 Accepted
[Mon Nov 10 19:28:16 2025] [::1]:60631 Closed without sending a request; it was probably just an unused speculative preconnection
[Mon Nov 10 19:28:16 2025] [::1]:60631 Closing
[Mon Nov 10 19:28:17 2025] [::1]:60633 Accepted
[Mon Nov 10 19:28:17 2025] [::1]:60633 Closed without sending a request; it was probably just an unused speculative preconnection
[Mon Nov 10 19:28:17 2025] [::1]:60633 Closing
[Mon Nov 10 19:28:18 2025] [::1]:60634 Accepted
[Mon Nov 10 19:28:18 2025] [::1]:60634 Closed without sending a request; it was probably just an unused speculative preconnection
[Mon Nov 10 19:28:18 2025] [::1]:60634 Closing
[Mon Nov 10 19:28:19 2025] [::1]:60635 Accepted
[Mon Nov 10 19:28:19 2025] [::1]:60635 Closing
[Mon Nov 10 19:28:20 2025] [::1]:60637 Accepted
[Mon Nov 10 19:28:20 2025] [::1]:60637 Closed without sending a request; it was probably just an unused speculative preconnection
[Mon Nov 10 19:28:20 2025] [::1]:60637 Closing
[Mon Nov 10 19:28:21 2025] [::1]:60638 Accepted
[Mon Nov 10 19:28:21 2025] [::1]:60638 Closed without sending a request; it was probably just an unused speculative preconnection
[Mon Nov 10 19:28:21 2025] [::1]:60638 Closing
[Mon Nov 10 19:28:22 2025] [::1]:60639 Accepted
[Mon Nov 10 19:28:22 2025] [::1]:60639 Closed without sending a request; it was probably just an unused speculative preconnection
[Mon Nov 10 19:28:22 2025] [::1]:60639 Closing
[Mon Nov 10 19:28:23 2025] [::1]:60640 Accepted
[Mon Nov 10 19:28:23 2025] [::1]:60640 Closed without sending a request; it was probably just an unused speculative preconnection
[Mon Nov 10 19:28:23 2025] [::1]:60640 Closing
[Mon Nov 10 19:28:24 2025] [::1]:60641 Accepted
[Mon Nov 10 19:28:24 2025] [::1]:60641 Closing
[Mon Nov 10 19:28:24 2025] [::1]:60642 Accepted
[Mon Nov 10 19:28:24 2025] [::1]:60642 Closed without sending a request; it was probably just an unused speculative preconnection
[Mon Nov 10 19:28:24 2025] [::1]:60642 Closing
[Mon Nov 10 19:28:25 2025] [::1]:60643 Accepted
[Mon Nov 10 19:28:25 2025] [::1]:60643 Closed without sending a request; it was probably just an unused speculative preconnection
[Mon Nov 10 19:28:25 2025] [::1]:60643 Closing
[Mon Nov 10 19:28:26 2025] [::1]:60644 Accepted
[Mon Nov 10 19:28:26 2025] [::1]:60644 Closed without sending a request; it was probably just an unused speculative preconnection
[Mon Nov 10 19:28:26 2025] [::1]:60644 Closing
[Mon Nov 10 19:28:27 2025] [::1]:60645 Accepted
[Mon Nov 10 19:28:27 2025] [::1]:60645 Closed without sending a request; it was probably just an unused speculative preconnection
[Mon Nov 10 19:28:27 2025] [::1]:60645 Closing
[Mon Nov 10 19:28:29 2025] [::1]:60646 Accepted
[Mon Nov 10 19:28:29 2025] [::1]:60646 Closed without sending a request; it was probably just an unused speculative preconnection
[Mon Nov 10 19:28:29 2025] [::1]:60646 Closing
[Mon Nov 10 19:28:29 2025] [::1]:60647 Accepted
[Mon Nov 10 19:28:29 2025] [::1]:60647 Closing
[Mon Nov 10 19:28:30 2025] [::1]:60648 Accepted
[Mon Nov 10 19:28:30 2025] [::1]:60648 Closed without sending a request; it was probably just an unused speculative preconnection
[Mon Nov 10 19:28:30 2025] [::1]:60648 Closing
[Mon Nov 10 19:28:31 2025] [::1]:60649 Accepted
[Mon Nov 10 19:28:31 2025] [::1]:60649 Closed without sending a request; it was probably just an unused speculative preconnection
[Mon Nov 10 19:28:31 2025] [::1]:60649 Closing
[Mon Nov 10 19:28:32 2025] [::1]:60650 Accepted
[Mon Nov 10 19:28:32 2025] [::1]:60650 Closed without sending a request; it was probably just an unused speculative preconnection
[Mon Nov 10 19:28:32 2025] [::1]:60650 Closing
[Mon Nov 10 19:28:33 2025] [::1]:60651 Accepted
[Mon Nov 10 19:28:33 2025] [::1]:60651 Closed without sending a request; it was probably just an unused speculative preconnection
[Mon Nov 10 19:28:33 2025] [::1]:60651 Closing
[Mon Nov 10 19:28:34 2025] [::1]:60652 Accepted
[Mon Nov 10 19:28:34 2025] [::1]:60652 Closing
[Mon Nov 10 19:28:34 2025] [::1]:60653 Accepted
[Mon Nov 10 19:28:34 2025] [::1]:60653 Closed without sending a request; it was probably just an unused speculative preconnection
[Mon Nov 10 19:28:34 2025] [::1]:60653 Closing
[Mon Nov 10 19:28:35 2025] [::1]:60654 Accepted
[Mon Nov 10 19:28:35 2025] [::1]:60654 Closed without sending a request; it was probably just an unused speculative preconnection
[Mon Nov 10 19:28:35 2025] [::1]:60654 Closing
[Mon Nov 10 19:28:37 2025] [::1]:60655 Accepted
[Mon Nov 10 19:28:37 2025] [::1]:60655 Closed without sending a request; it was probably just an unused speculative preconnection
[Mon Nov 10 19:28:37 2025] [::1]:60655 Closing
[Mon Nov 10 19:28:38 2025] [::1]:60656 Accepted
[Mon Nov 10 19:28:38 2025] [::1]:60656 Closed without sending a request; it was probably just an unused speculative preconnection
[Mon Nov 10 19:28:38 2025] [::1]:60656 Closing
[Mon Nov 10 19:28:39 2025] [::1]:60657 Accepted
[Mon Nov 10 19:28:39 2025] [::1]:60657 Closing
[Mon Nov 10 19:28:39 2025] [::1]:60658 Accepted
[Mon Nov 10 19:28:39 2025] [::1]:60658 Closed without sending a request; it was probably just an unused speculative preconnection
[Mon Nov 10 19:28:39 2025] [::1]:60658 Closing
[Mon Nov 10 19:28:40 2025] [::1]:60659 Accepted
[Mon Nov 10 19:28:40 2025] [::1]:60659 Closed without sending a request; it was probably just an unused speculative preconnection
[Mon Nov 10 19:28:40 2025] [::1]:60659 Closing
[Mon Nov 10 19:28:41 2025] [::1]:60660 Accepted
[Mon Nov 10 19:28:41 2025] [::1]:60660 Closed without sending a request; it was probably just an unused speculative preconnection
[Mon Nov 10 19:28:41 2025] [::1]:60660 Closing
[Mon Nov 10 19:28:42 2025] [::1]:60661 Accepted
[Mon Nov 10 19:28:42 2025] [::1]:60661 Closed without sending a request; it was probably just an unused speculative preconnection
[Mon Nov 10 19:28:42 2025] [::1]:60661 Closing
[Mon Nov 10 19:28:43 2025] [::1]:60662 Accepted
[Mon Nov 10 19:28:43 2025] [::1]:60662 Closed without sending a request; it was probably just an unused speculative preconnection
[Mon Nov 10 19:28:43 2025] [::1]:60662 Closing
[Mon Nov 10 19:28:44 2025] [::1]:60663 Accepted
[Mon Nov 10 19:28:44 2025] [::1]:60663 Closing
[Mon Nov 10 19:28:44 2025] [::1]:60664 Accepted
[Mon Nov 10 19:28:44 2025] [::1]:60664 Closed without sending a request; it was probably just an unused speculative preconnection
[Mon Nov 10 19:28:44 2025] [::1]:60664 Closing
[Mon Nov 10 19:28:46 2025] [::1]:60665 Accepted
[Mon Nov 10 19:28:46 2025] [::1]:60665 Closed without sending a request; it was probably just an unused speculative preconnection
[Mon Nov 10 19:28:46 2025] [::1]:60665 Closing
[Mon Nov 10 19:28:47 2025] [::1]:60666 Accepted
[Mon Nov 10 19:28:47 2025] [::1]:60666 Closed without sending a request; it was probably just an unused speculative preconnection
[Mon Nov 10 19:28:47 2025] [::1]:60666 Closing
[Mon Nov 10 19:28:48 2025] [::1]:60667 Accepted
[Mon Nov 10 19:28:48 2025] [::1]:60667 Closed without sending a request; it was probably just an unused speculative preconnection
[Mon Nov 10 19:28:48 2025] [::1]:60667 Closing
[Mon Nov 10 19:28:49 2025] [::1]:60668 Accepted
[Mon Nov 10 19:28:49 2025] [::1]:60668 Closing
[Mon Nov 10 19:28:49 2025] [::1]:60669 Accepted
[Mon Nov 10 19:28:49 2025] [::1]:60669 Closed without sending a request; it was probably just an unused speculative preconnection
[Mon Nov 10 19:28:49 2025] [::1]:60669 Closing
[Mon Nov 10 19:28:50 2025] [::1]:60670 Accepted
[Mon Nov 10 19:28:50 2025] [::1]:60670 Closed without sending a request; it was probably just an unused speculative preconnection
[Mon Nov 10 19:28:50 2025] [::1]:60670 Closing
[Mon Nov 10 19:28:51 2025] [::1]:60671 Accepted
[Mon Nov 10 19:28:51 2025] [::1]:60671 Closed without sending a request; it was probably just an unused speculative preconnection
[Mon Nov 10 19:28:51 2025] [::1]:60671 Closing
[Mon Nov 10 19:28:52 2025] [::1]:60672 Accepted
[Mon Nov 10 19:28:52 2025] [::1]:60672 Closed without sending a request; it was probably just an unused speculative preconnection
[Mon Nov 10 19:28:52 2025] [::1]:60672 Closing
[Mon Nov 10 19:28:54 2025] [::1]:60673 Accepted
[Mon Nov 10 19:28:54 2025] [::1]:60673 Closed without sending a request; it was probably just an unused speculative preconnection
[Mon Nov 10 19:28:54 2025] [::1]:60673 Closing
[Mon Nov 10 19:28:54 2025] [::1]:60674 Accepted
[Mon Nov 10 19:28:54 2025] [::1]:60674 Closing
[Mon Nov 10 19:28:55 2025] [::1]:60675 Accepted
[Mon Nov 10 19:28:55 2025] [::1]:60675 Closed without sending a request; it was probably just an unused speculative preconnection
[Mon Nov 10 19:28:55 2025] [::1]:60675 Closing
[Mon Nov 10 19:28:56 2025] [::1]:60676 Accepted
[Mon Nov 10 19:28:56 2025] [::1]:60676 Closed without sending a request; it was probably just an unused speculative preconnection
[Mon Nov 10 19:28:56 2025] [::1]:60676 Closing
[Mon Nov 10 19:28:57 2025] [::1]:60677 Accepted
[Mon Nov 10 19:28:57 2025] [::1]:60677 Closed without sending a request; it was probably just an unused speculative preconnection
[Mon Nov 10 19:28:57 2025] [::1]:60677 Closing
[Mon Nov 10 19:28:58 2025] [::1]:60678 Accepted
[Mon Nov 10 19:28:58 2025] [::1]:60678 Closed without sending a request; it was probably just an unused speculative preconnection
[Mon Nov 10 19:28:58 2025] [::1]:60678 Closing
[Mon Nov 10 19:28:59 2025] [::1]:60680 Accepted
[Mon Nov 10 19:28:59 2025] [::1]:60680 Closing
[Mon Nov 10 19:28:59 2025] [::1]:60683 Accepted
[Mon Nov 10 19:28:59 2025] [::1]:60683 Closed without sending a request; it was probably just an unused speculative preconnection
[Mon Nov 10 19:28:59 2025] [::1]:60683 Closing
[Mon Nov 10 19:29:00 2025] [::1]:60684 Accepted
[Mon Nov 10 19:29:00 2025] [::1]:60684 Closed without sending a request; it was probably just an unused speculative preconnection
[Mon Nov 10 19:29:00 2025] [::1]:60684 Closing
[Mon Nov 10 19:29:01 2025] [::1]:60685 Accepted
[Mon Nov 10 19:29:01 2025] [::1]:60685 Closed without sending a request; it was probably just an unused speculative preconnection
[Mon Nov 10 19:29:01 2025] [::1]:60685 Closing
[Mon Nov 10 19:29:03 2025] [::1]:60687 Accepted
[Mon Nov 10 19:29:03 2025] [::1]:60687 Closed without sending a request; it was probably just an unused speculative preconnection
[Mon Nov 10 19:29:03 2025] [::1]:60687 Closing
[Mon Nov 10 19:29:04 2025] [::1]:60688 Accepted
[Mon Nov 10 19:29:04 2025] [::1]:60688 Closed without sending a request; it was probably just an unused speculative preconnection
[Mon Nov 10 19:29:04 2025] [::1]:60688 Closing
[Mon Nov 10 19:29:04 2025] [::1]:60689 Accepted
[Mon Nov 10 19:29:04 2025] [::1]:60689 Closing
[Mon Nov 10 19:29:05 2025] [::1]:60690 Accepted
[Mon Nov 10 19:29:05 2025] [::1]:60690 Closed without sending a request; it was probably just an unused speculative preconnection
[Mon Nov 10 19:29:05 2025] [::1]:60690 Closing
[Mon Nov 10 19:29:06 2025] [::1]:60691 Accepted
[Mon Nov 10 19:29:06 2025] [::1]:60691 Closed without sending a request; it was probably just an unused speculative preconnection
[Mon Nov 10 19:29:06 2025] [::1]:60691 Closing
[Mon Nov 10 19:29:07 2025] [::1]:60692 Accepted
[Mon Nov 10 19:29:07 2025] [::1]:60692 Closed without sending a request; it was probably just an unused speculative preconnection
[Mon Nov 10 19:29:07 2025] [::1]:60692 Closing
[Mon Nov 10 19:29:08 2025] [::1]:60693 Accepted
[Mon Nov 10 19:29:08 2025] [::1]:60693 Closed without sending a request; it was probably just an unused speculative preconnection
[Mon Nov 10 19:29:08 2025] [::1]:60693 Closing
[Mon Nov 10 19:29:09 2025] [::1]:60694 Accepted
[Mon Nov 10 19:29:09 2025] [::1]:60694 Closing
[Mon Nov 10 19:29:09 2025] [::1]:60695 Accepted
[Mon Nov 10 19:29:09 2025] [::1]:60695 Closed without sending a request; it was probably just an unused speculative preconnection
[Mon Nov 10 19:29:09 2025] [::1]:60695 Closing
[Mon Nov 10 19:29:11 2025] [::1]:60696 Accepted
[Mon Nov 10 19:29:11 2025] [::1]:60696 Closed without sending a request; it was probably just an unused speculative preconnection
[Mon Nov 10 19:29:11 2025] [::1]:60696 Closing
[Mon Nov 10 19:29:12 2025] [::1]:60697 Accepted
[Mon Nov 10 19:29:12 2025] [::1]:60697 Closed without sending a request; it was probably just an unused speculative preconnection
[Mon Nov 10 19:29:12 2025] [::1]:60697 Closing
[Mon Nov 10 19:29:13 2025] [::1]:60698 Accepted
[Mon Nov 10 19:29:13 2025] [::1]:60698 Closed without sending a request; it was probably just an unused speculative preconnection
[Mon Nov 10 19:29:13 2025] [::1]:60698 Closing
[Mon Nov 10 19:29:14 2025] [::1]:60699 Accepted
[Mon Nov 10 19:29:14 2025] [::1]:60699 Closing
[Mon Nov 10 19:29:14 2025] [::1]:60700 Accepted
[Mon Nov 10 19:29:14 2025] [::1]:60700 Closed without sending a request; it was probably just an unused speculative preconnection
[Mon Nov 10 19:29:14 2025] [::1]:60700 Closing
[Mon Nov 10 19:29:15 2025] [::1]:60702 Accepted
[Mon Nov 10 19:29:15 2025] [::1]:60702 Closed without sending a request; it was probably just an unused speculative preconnection
[Mon Nov 10 19:29:15 2025] [::1]:60702 Closing
[Mon Nov 10 19:29:16 2025] [::1]:60703 Accepted
[Mon Nov 10 19:29:16 2025] [::1]:60703 Closed without sending a request; it was probably just an unused speculative preconnection
[Mon Nov 10 19:29:16 2025] [::1]:60703 Closing
[Mon Nov 10 19:29:17 2025] [::1]:60704 Accepted
[Mon Nov 10 19:29:17 2025] [::1]:60704 Closed without sending a request; it was probably just an unused speculative preconnection
[Mon Nov 10 19:29:17 2025] [::1]:60704 Closing
[Mon Nov 10 19:29:18 2025] [::1]:60705 Accepted
[Mon Nov 10 19:29:18 2025] [::1]:60705 Closed without sending a request; it was probably just an unused speculative preconnection
[Mon Nov 10 19:29:18 2025] [::1]:60705 Closing
[Mon Nov 10 19:29:19 2025] [::1]:60706 Accepted
[Mon Nov 10 19:29:19 2025] [::1]:60706 Closing
[Mon Nov 10 19:29:20 2025] [::1]:60707 Accepted
[Mon Nov 10 19:29:20 2025] [::1]:60707 Closed without sending a request; it was probably just an unused speculative preconnection
[Mon Nov 10 19:29:20 2025] [::1]:60707 Closing
[Mon Nov 10 19:29:21 2025] [::1]:60708 Accepted
[Mon Nov 10 19:29:21 2025] [::1]:60708 Closed without sending a request; it was probably just an unused speculative preconnection
[Mon Nov 10 19:29:21 2025] [::1]:60708 Closing
[Mon Nov 10 19:29:22 2025] [::1]:60709 Accepted
[Mon Nov 10 19:29:22 2025] [::1]:60709 Closed without sending a request; it was probably just an unused speculative preconnection
[Mon Nov 10 19:29:22 2025] [::1]:60709 Closing
[Mon Nov 10 19:29:23 2025] [::1]:60710 Accepted
[Mon Nov 10 19:29:23 2025] [::1]:60710 Closed without sending a request; it was probably just an unused speculative preconnection
[Mon Nov 10 19:29:23 2025] [::1]:60710 Closing
[Mon Nov 10 19:29:24 2025] [::1]:60711 Accepted
[Mon Nov 10 19:29:24 2025] [::1]:60711 Closing
[Mon Nov 10 19:29:24 2025] [::1]:60712 Accepted
[Mon Nov 10 19:29:24 2025] [::1]:60712 Closed without sending a request; it was probably just an unused speculative preconnection
[Mon Nov 10 19:29:24 2025] [::1]:60712 Closing
[Mon Nov 10 19:29:25 2025] [::1]:60713 Accepted
[Mon Nov 10 19:29:25 2025] [::1]:60713 Closed without sending a request; it was probably just an unused speculative preconnection
[Mon Nov 10 19:29:25 2025] [::1]:60713 Closing
[Mon Nov 10 19:29:26 2025] [::1]:60714 Accepted
[Mon Nov 10 19:29:26 2025] [::1]:60714 Closed without sending a request; it was probably just an unused speculative preconnection
[Mon Nov 10 19:29:26 2025] [::1]:60714 Closing
[Mon Nov 10 19:29:28 2025] [::1]:60716 Accepted
[Mon Nov 10 19:29:28 2025] [::1]:60716 Closed without sending a request; it was probably just an unused speculative preconnection
[Mon Nov 10 19:29:28 2025] [::1]:60716 Closing
[Mon Nov 10 19:29:29 2025] [::1]:60717 Accepted
[Mon Nov 10 19:29:29 2025] [::1]:60717 Closed without sending a request; it was probably just an unused speculative preconnection
[Mon Nov 10 19:29:29 2025] [::1]:60717 Closing
[Mon Nov 10 19:29:29 2025] [::1]:60718 Accepted
[Mon Nov 10 19:29:29 2025] [::1]:60718 Closing
[Mon Nov 10 19:29:30 2025] [::1]:60719 Accepted
[Mon Nov 10 19:29:30 2025] [::1]:60719 Closed without sending a request; it was probably just an unused speculative preconnection
[Mon Nov 10 19:29:30 2025] [::1]:60719 Closing
[Mon Nov 10 19:29:31 2025] [::1]:60720 Accepted
[Mon Nov 10 19:29:31 2025] [::1]:60720 Closed without sending a request; it was probably just an unused speculative preconnection
[Mon Nov 10 19:29:31 2025] [::1]:60720 Closing
[Mon Nov 10 19:29:32 2025] [::1]:60721 Accepted
[Mon Nov 10 19:29:32 2025] [::1]:60721 Closed without sending a request; it was probably just an unused speculative preconnection
[Mon Nov 10 19:29:32 2025] [::1]:60721 Closing
[Mon Nov 10 19:29:33 2025] [::1]:60722 Accepted
[Mon Nov 10 19:29:33 2025] [::1]:60722 Closed without sending a request; it was probably just an unused speculative preconnection
[Mon Nov 10 19:29:33 2025] [::1]:60722 Closing
[Mon Nov 10 19:29:34 2025] [::1]:60723 Accepted
[Mon Nov 10 19:29:34 2025] [::1]:60723 Closing
[Mon Nov 10 19:29:34 2025] [::1]:60724 Accepted
[Mon Nov 10 19:29:34 2025] [::1]:60724 Closed without sending a request; it was probably just an unused speculative preconnection
[Mon Nov 10 19:29:34 2025] [::1]:60724 Closing
[Mon Nov 10 19:29:35 2025] [::1]:60726 Accepted
[Mon Nov 10 19:29:35 2025] [::1]:60726 Closed without sending a request; it was probably just an unused speculative preconnection
[Mon Nov 10 19:29:35 2025] [::1]:60726 Closing
[Mon Nov 10 19:29:37 2025] [::1]:60727 Accepted
[Mon Nov 10 19:29:37 2025] [::1]:60727 Closed without sending a request; it was probably just an unused speculative preconnection
[Mon Nov 10 19:29:37 2025] [::1]:60727 Closing
[Mon Nov 10 19:29:38 2025] [::1]:60728 Accepted
[Mon Nov 10 19:29:38 2025] [::1]:60728 Closed without sending a request; it was probably just an unused speculative preconnection
[Mon Nov 10 19:29:38 2025] [::1]:60728 Closing
[Mon Nov 10 19:29:39 2025] [::1]:60729 Accepted
[Mon Nov 10 19:29:39 2025] [::1]:60729 Closing
[Mon Nov 10 19:29:39 2025] [::1]:60730 Accepted
[Mon Nov 10 19:29:39 2025] [::1]:60730 Closed without sending a request; it was probably just an unused speculative preconnection
[Mon Nov 10 19:29:39 2025] [::1]:60730 Closing
[Mon Nov 10 19:29:40 2025] [::1]:60731 Accepted
[Mon Nov 10 19:29:40 2025] [::1]:60731 Closed without sending a request; it was probably just an unused speculative preconnection
[Mon Nov 10 19:29:40 2025] [::1]:60731 Closing
[Mon Nov 10 19:29:41 2025] [::1]:60732 Accepted
[Mon Nov 10 19:29:41 2025] [::1]:60732 Closed without sending a request; it was probably just an unused speculative preconnection
[Mon Nov 10 19:29:41 2025] [::1]:60732 Closing
[Mon Nov 10 19:29:42 2025] [::1]:60733 Accepted
[Mon Nov 10 19:29:42 2025] [::1]:60733 Closed without sending a request; it was probably just an unused speculative preconnection
[Mon Nov 10 19:29:42 2025] [::1]:60733 Closing
[Mon Nov 10 19:29:43 2025] [::1]:60734 Accepted
[Mon Nov 10 19:29:43 2025] [::1]:60734 Closed without sending a request; it was probably just an unused speculative preconnection
[Mon Nov 10 19:29:43 2025] [::1]:60734 Closing
[Mon Nov 10 19:29:44 2025] [::1]:60735 Accepted
[Mon Nov 10 19:29:44 2025] [::1]:60735 Closing
[Mon Nov 10 19:29:45 2025] [::1]:60736 Accepted
[Mon Nov 10 19:29:45 2025] [::1]:60736 Closed without sending a request; it was probably just an unused speculative preconnection
[Mon Nov 10 19:29:45 2025] [::1]:60736 Closing
