::1:57055 [200]: /
::1:57057 [200]: /css/styles.0623f21ea3bcffb3bef32654f80f08be.css
::1:57058 [200]: /mp4/bg.6e3daaaa1b97bc16e6280e80b26d923f.mp4
::1:57064 [200]: /
::1:57065 [200]: /css/styles.0623f21ea3bcffb3bef32654f80f08be.css
::1:57066 [200]: /mp4/bg.6e3daaaa1b97bc16e6280e80b26d923f.mp4
::1:57068 [200]: /favicon.556f31acd686989b1afcf382c05846aa.ico
::1:57069 [200]: /favicon.556f31acd686989b1afcf382c05846aa.ico
::1:57070 [200]: /favicon.556f31acd686989b1afcf382c05846aa.ico
::1:57126 [200]: /
::1:57127 [200]: /css/styles.0623f21ea3bcffb3bef32654f80f08be.css
::1:57133 [200]: /mp4/bg.6e3daaaa1b97bc16e6280e80b26d923f.mp4
::1:57135 [200]: /favicon.556f31acd686989b1afcf382c05846aa.ico
::1:57525 [200]: /
::1:57528 [200]: /css/styles.0623f21ea3bcffb3bef32654f80f08be.css
::1:57531 [200]: /favicon.556f31acd686989b1afcf382c05846aa.ico
::1:57548 [200]: /
::1:57551 [200]: /css/styles.0623f21ea3bcffb3bef32654f80f08be.css
::1:57554 [200]: /favicon.556f31acd686989b1afcf382c05846aa.ico
::1:57555 [200]: /mp4/bg.6e3daaaa1b97bc16e6280e80b26d923f.mp4
::1:57563 [200]: /about
::1:57566 [200]: /css/styles.0623f21ea3bcffb3bef32654f80f08be.css
::1:57571 [200]: /
::1:57572 [200]: /css/styles.0623f21ea3bcffb3bef32654f80f08be.css
::1:57574 [200]: /
::1:57575 [200]: /css/styles.0623f21ea3bcffb3bef32654f80f08be.css
::1:57577 [200]: /about
::1:57578 [200]: /css/styles.0623f21ea3bcffb3bef32654f80f08be.css
